[GIN-debug] [WARNING] Creating an Engine instance with the Logger and Recovery middleware already attached.

[GIN-debug] [WARNING] Running in "debug" mode. Switch to "release" mode in production.
 - using env:	export GIN_MODE=release
 - using code:	gin.SetMode(gin.ReleaseMode)

[GIN-debug] GET    /api/users                --> github.com/risqiikhsani/contactgo/controllers.GetUsers (5 handlers)
[GIN-debug] GET    /api/users/:id            --> github.com/risqiikhsani/contactgo/controllers.GetUserById (5 handlers)
[GIN-debug] PUT    /api/users/:id            --> github.com/risqiikhsani/contactgo/controllers.UpdateUserById (5 handlers)
[GIN-debug] DELETE /api/users/:id            --> github.com/risqiikhsani/contactgo/controllers.DeleteUserById (5 handlers)
[GIN-debug] POST   /api/users                --> github.com/risqiikhsani/contactgo/controllers.CreateUser (5 handlers)
[GIN-debug] POST   /api/register             --> github.com/risqiikhsani/contactgo/controllers.Register (4 handlers)
[GIN-debug] POST   /api/login                --> github.com/risqiikhsani/contactgo/controllers.Login (4 handlers)
[GIN-debug] GET    /api/posts                --> github.com/risqiikhsani/contactgo/controllers.GetPosts (5 handlers)
[GIN-debug] GET    /api/posts/:id            --> github.com/risqiikhsani/contactgo/controllers.GetPostById (5 handlers)
[GIN-debug] PUT    /api/posts/:id            --> github.com/risqiikhsani/contactgo/controllers.UpdatePostById (5 handlers)
[GIN-debug] DELETE /api/posts/:id            --> github.com/risqiikhsani/contactgo/controllers.DeletePostById (5 handlers)
[GIN-debug] POST   /api/posts                --> github.com/risqiikhsani/contactgo/controllers.CreatePost (5 handlers)
[GIN-debug] GET    /api/ping                 --> main.main.func1 (4 handlers)
[GIN-debug] GET    /api/long_async           --> main.main.func2 (4 handlers)
[GIN-debug] GET    /api/long_sync            --> main.main.func3 (4 handlers)
[GIN-debug] POST   /api/post                 --> main.main.func4 (4 handlers)
[GIN-debug] [WARNING] You trusted all proxies, this is NOT safe. We recommend you to set a value.
Please check https://pkg.go.dev/github.com/gin-gonic/gin#readme-don-t-trust-all-proxies for details.
[GIN-debug] Listening and serving HTTP on :8080
[GIN] 2023/09/17 - 08:13:21 | 200 |     24.6575ms |             ::1 | PUT      "/api/posts/4"
[GIN] 2023/09/17 - 08:15:09 | 200 |     58.4126ms |             ::1 | PUT      "/api/posts/4"
[GIN] 2023/09/17 - 08:15:28 | 200 |      7.5312ms |             ::1 | GET      "/api/posts/4"
